error[E0277]: the trait bound `u32: Pointer` is not satisfied
 --> tests/compile_fail/display/struct_no_pointer_field.rs:3:10
  |
3 | #[derive(Display)]
  |          ^^^^^^^ the trait `Pointer` is not implemented for `u32`
  |
note: required by a bound in `FmtPointer`
 --> src/helpers.rs
  |
  | pub struct FmtPointer<'a, T: ?Sized + fmt::Pointer>(pub &'a T);
  |                                       ^^^^^^^^^^^^ required by this bound in `FmtPointer`
  = note: this error originates in the derive macro `Display` (in Nightly builds, run with -Z macro-backtrace for more info)

error[E0277]: the trait bound `u32: Pointer` is not satisfied
 --> tests/compile_fail/display/struct_no_pointer_field.rs:3:10
  |
3 | #[derive(Display)]
  |          ^^^^^^^ the trait `Pointer` is not implemented for `u32`, which is required by `FmtPointer<'_, u32>: Pointer`
  |
  = help: the trait `Pointer` is implemented for `FmtPointer<'a, T>`
  = note: required for `FmtPointer<'_, u32>` to implement `Pointer`
note: required by a bound in `core::fmt::rt::Argument::<'a>::new_pointer`
 --> $RUST/core/src/fmt/rt.rs
  |
  |     pub fn new_pointer<'b, T: Pointer>(x: &'b T) -> Argument<'_> {
  |                               ^^^^^^^ required by this bound in `Argument::<'a>::new_pointer`
  = note: this error originates in the macro `$crate::format_args` which comes from the expansion of the derive macro `Display` (in Nightly builds, run with -Z macro-backtrace for more info)
